running egg_info
writing ../../build/emine_hatun/emine_hatun.egg-info/PKG-INFO
writing dependency_links to ../../build/emine_hatun/emine_hatun.egg-info/dependency_links.txt
writing entry points to ../../build/emine_hatun/emine_hatun.egg-info/entry_points.txt
writing requirements to ../../build/emine_hatun/emine_hatun.egg-info/requires.txt
writing top-level names to ../../build/emine_hatun/emine_hatun.egg-info/top_level.txt
reading manifest file '../../build/emine_hatun/emine_hatun.egg-info/SOURCES.txt'
writing manifest file '../../build/emine_hatun/emine_hatun.egg-info/SOURCES.txt'
running build
running build_py
running install
running install_lib
running install_data
running install_egg_info
removing '/home/emine/mekatek/install/emine_hatun/lib/python3.8/site-packages/emine_hatun-0.0.0-py3.8.egg-info' (and everything under it)
Copying ../../build/emine_hatun/emine_hatun.egg-info to /home/emine/mekatek/install/emine_hatun/lib/python3.8/site-packages/emine_hatun-0.0.0-py3.8.egg-info
running install_scripts
Installing listener script to /home/emine/mekatek/install/emine_hatun/lib/emine_hatun
Installing talker script to /home/emine/mekatek/install/emine_hatun/lib/emine_hatun
writing list of installed files to '/home/emine/mekatek/build/emine_hatun/install.log'
