[0.463s] Invoking command in '/home/emine/mekatek/src/emine_hatun': PYTHONPATH=/home/emine/mekatek/build/emine_hatun/prefix_override:/home/emine/mekatek/install/emine_hatun/lib/python3.8/site-packages:${PYTHONPATH} /usr/bin/python3 setup.py egg_info --egg-base ../../build/emine_hatun build --build-base /home/emine/mekatek/build/emine_hatun/build install --record /home/emine/mekatek/build/emine_hatun/install.log --install-scripts $base/lib/emine_hatun --single-version-externally-managed
[0.577s] running egg_info
[0.578s] creating ../../build/emine_hatun/emine_hatun.egg-info
[0.578s] writing ../../build/emine_hatun/emine_hatun.egg-info/PKG-INFO
[0.578s] writing dependency_links to ../../build/emine_hatun/emine_hatun.egg-info/dependency_links.txt
[0.578s] writing entry points to ../../build/emine_hatun/emine_hatun.egg-info/entry_points.txt
[0.578s] writing requirements to ../../build/emine_hatun/emine_hatun.egg-info/requires.txt
[0.578s] writing top-level names to ../../build/emine_hatun/emine_hatun.egg-info/top_level.txt
[0.578s] writing manifest file '../../build/emine_hatun/emine_hatun.egg-info/SOURCES.txt'
[0.598s] reading manifest file '../../build/emine_hatun/emine_hatun.egg-info/SOURCES.txt'
[0.598s] writing manifest file '../../build/emine_hatun/emine_hatun.egg-info/SOURCES.txt'
[0.598s] running build
[0.598s] running build_py
[0.598s] creating /home/emine/mekatek/build/emine_hatun/build
[0.598s] creating /home/emine/mekatek/build/emine_hatun/build/lib
[0.598s] creating /home/emine/mekatek/build/emine_hatun/build/lib/emine_hatun
[0.598s] copying emine_hatun/publisher.py -> /home/emine/mekatek/build/emine_hatun/build/lib/emine_hatun
[0.598s] copying emine_hatun/subscriber.py -> /home/emine/mekatek/build/emine_hatun/build/lib/emine_hatun
[0.598s] copying emine_hatun/__init__.py -> /home/emine/mekatek/build/emine_hatun/build/lib/emine_hatun
[0.599s] running install
[0.599s] running install_lib
[0.599s] creating /home/emine/mekatek/install/emine_hatun/lib/python3.8/site-packages/emine_hatun
[0.599s] copying /home/emine/mekatek/build/emine_hatun/build/lib/emine_hatun/publisher.py -> /home/emine/mekatek/install/emine_hatun/lib/python3.8/site-packages/emine_hatun
[0.599s] copying /home/emine/mekatek/build/emine_hatun/build/lib/emine_hatun/subscriber.py -> /home/emine/mekatek/install/emine_hatun/lib/python3.8/site-packages/emine_hatun
[0.599s] copying /home/emine/mekatek/build/emine_hatun/build/lib/emine_hatun/__init__.py -> /home/emine/mekatek/install/emine_hatun/lib/python3.8/site-packages/emine_hatun
[0.599s] byte-compiling /home/emine/mekatek/install/emine_hatun/lib/python3.8/site-packages/emine_hatun/publisher.py to publisher.cpython-38.pyc
[0.600s] byte-compiling /home/emine/mekatek/install/emine_hatun/lib/python3.8/site-packages/emine_hatun/subscriber.py to subscriber.cpython-38.pyc
[0.600s] byte-compiling /home/emine/mekatek/install/emine_hatun/lib/python3.8/site-packages/emine_hatun/__init__.py to __init__.cpython-38.pyc
[0.600s] running install_data
[0.600s] creating /home/emine/mekatek/install/emine_hatun/share/ament_index
[0.600s] creating /home/emine/mekatek/install/emine_hatun/share/ament_index/resource_index
[0.601s] creating /home/emine/mekatek/install/emine_hatun/share/ament_index/resource_index/packages
[0.601s] copying resource/emine_hatun -> /home/emine/mekatek/install/emine_hatun/share/ament_index/resource_index/packages
[0.601s] copying package.xml -> /home/emine/mekatek/install/emine_hatun/share/emine_hatun
[0.601s] running install_egg_info
[0.601s] Copying ../../build/emine_hatun/emine_hatun.egg-info to /home/emine/mekatek/install/emine_hatun/lib/python3.8/site-packages/emine_hatun-0.0.0-py3.8.egg-info
[0.602s] running install_scripts
[0.611s] Installing listener script to /home/emine/mekatek/install/emine_hatun/lib/emine_hatun
[0.611s] Installing talker script to /home/emine/mekatek/install/emine_hatun/lib/emine_hatun
[0.611s] writing list of installed files to '/home/emine/mekatek/build/emine_hatun/install.log'
[0.622s] Invoked command in '/home/emine/mekatek/src/emine_hatun' returned '0': PYTHONPATH=/home/emine/mekatek/build/emine_hatun/prefix_override:/home/emine/mekatek/install/emine_hatun/lib/python3.8/site-packages:${PYTHONPATH} /usr/bin/python3 setup.py egg_info --egg-base ../../build/emine_hatun build --build-base /home/emine/mekatek/build/emine_hatun/build install --record /home/emine/mekatek/build/emine_hatun/install.log --install-scripts $base/lib/emine_hatun --single-version-externally-managed
